<?xml version="1.0" encoding="UTF-8"?>
<!-- Generated by org.testng.reporters.JUnitReportReporter -->
<testsuite hostname="DESKTOP-KSBD2KN" failures="0" tests="1" name="Runner.LoginRun" time="17.724" errors="0" timestamp="2023-12-28T20:28:27 IST" skipped="0">
  <testcase classname="Runner.LoginRun" name="runLogin" time="17.724"/>
</testsuite> <!-- Runner.LoginRun -->
