<?xml version="1.0" encoding="UTF-8"?>
<!-- Generated by org.testng.reporters.JUnitReportReporter -->
<testsuite hostname="DESKTOP-KSBD2KN" failures="0" tests="1" name="Runner.CreateLeadRun" time="48.029" errors="0" timestamp="2023-12-27T00:00:32 IST" skipped="0">
  <testcase classname="Runner.CreateLeadRun" name="runLogin" time="48.029"/>
</testsuite> <!-- Runner.CreateLeadRun -->
