<?xml version="1.0" encoding="UTF-8"?>
<!-- Generated by org.testng.reporters.JUnitReportReporter -->
<testsuite hostname="DESKTOP-KSBD2KN" failures="0" tests="2" name="Runner.CreateLeadRunner" time="126.128" errors="0" timestamp="2023-12-28T21:31:50 IST" skipped="0">
  <testcase classname="Runner.CreateLeadRunner" name="runCreate" time="54.769"/>
  <testcase classname="Runner.CreateLeadRunner" name="runCreate" time="71.359"/>
</testsuite> <!-- Runner.CreateLeadRunner -->
